<?xml version="1.0" encoding="UTF-8"?>
<!-- Generated by org.testng.reporters.JUnitReportReporter -->
<testsuite skipped="0" hostname="shubhrajit-ThinkPad-T420" name="nostraAndroid.Project.Execution_Nostra" tests="2" failures="0" timestamp="08 Jul 2019 11:02:14 GMT" time="44.123" errors="0">
  <testcase name="startPlay" time="32.432" classname="nostraAndroid.Project.Execution_Nostra"/>
  <testcase name="join" time="11.691" classname="nostraAndroid.Project.Execution_Nostra"/>
</testsuite> <!-- nostraAndroid.Project.Execution_Nostra -->
