<?xml version="1.0" encoding="UTF-8"?>
<!-- Generated by org.testng.reporters.JUnitReportReporter -->
<testsuite skipped="0" hostname="shubhrajit-ThinkPad-T420" name="nostraAndroid.Project.Execution_Nostra" tests="3" failures="0" timestamp="24 Jul 2019 10:00:51 GMT" time="122.583" errors="0">
  <testcase name="login_Nostra" time="22.688" classname="nostraAndroid.Project.Execution_Nostra"/>
  <testcase name="startPlay" time="87.509" classname="nostraAndroid.Project.Execution_Nostra"/>
  <testcase name="join" time="12.386" classname="nostraAndroid.Project.Execution_Nostra"/>
</testsuite> <!-- nostraAndroid.Project.Execution_Nostra -->
